  Chapter 24.c
C:\Users\zlzlf\OneDrive\바탕 화면\잡동\Github\Sungwoo-Yoon-s-passionate-C-programming\C Programming\C Programming\Chapter 24.c(6,13): warning C4996: 'fopen': This function or variable may be unsafe. Consider using fopen_s instead. To disable deprecation, use _CRT_SECURE_NO_WARNINGS. See online help for details.
C:\Users\zlzlf\OneDrive\바탕 화면\잡동\Github\Sungwoo-Yoon-s-passionate-C-programming\C Programming\C Programming\Chapter 24.c(23,13): warning C4996: 'fopen': This function or variable may be unsafe. Consider using fopen_s instead. To disable deprecation, use _CRT_SECURE_NO_WARNINGS. See online help for details.
C:\Users\zlzlf\OneDrive\바탕 화면\잡동\Github\Sungwoo-Yoon-s-passionate-C-programming\C Programming\C Programming\Chapter 24.c(41,13): warning C4996: 'fopen': This function or variable may be unsafe. Consider using fopen_s instead. To disable deprecation, use _CRT_SECURE_NO_WARNINGS. See online help for details.
C:\Users\zlzlf\OneDrive\바탕 화면\잡동\Github\Sungwoo-Yoon-s-passionate-C-programming\C Programming\C Programming\Chapter 24.c(60,13): warning C4996: 'fopen': This function or variable may be unsafe. Consider using fopen_s instead. To disable deprecation, use _CRT_SECURE_NO_WARNINGS. See online help for details.
C:\Users\zlzlf\OneDrive\바탕 화면\잡동\Github\Sungwoo-Yoon-s-passionate-C-programming\C Programming\C Programming\Chapter 24.c(82,14): warning C4996: 'fopen': This function or variable may be unsafe. Consider using fopen_s instead. To disable deprecation, use _CRT_SECURE_NO_WARNINGS. See online help for details.
C:\Users\zlzlf\OneDrive\바탕 화면\잡동\Github\Sungwoo-Yoon-s-passionate-C-programming\C Programming\C Programming\Chapter 24.c(83,14): warning C4996: 'fopen': This function or variable may be unsafe. Consider using fopen_s instead. To disable deprecation, use _CRT_SECURE_NO_WARNINGS. See online help for details.
C:\Users\zlzlf\OneDrive\바탕 화면\잡동\Github\Sungwoo-Yoon-s-passionate-C-programming\C Programming\C Programming\Chapter 24.c(112,14): warning C4996: 'fopen': This function or variable may be unsafe. Consider using fopen_s instead. To disable deprecation, use _CRT_SECURE_NO_WARNINGS. See online help for details.
C:\Users\zlzlf\OneDrive\바탕 화면\잡동\Github\Sungwoo-Yoon-s-passionate-C-programming\C Programming\C Programming\Chapter 24.c(113,14): warning C4996: 'fopen': This function or variable may be unsafe. Consider using fopen_s instead. To disable deprecation, use _CRT_SECURE_NO_WARNINGS. See online help for details.
C:\Users\zlzlf\OneDrive\바탕 화면\잡동\Github\Sungwoo-Yoon-s-passionate-C-programming\C Programming\C Programming\Chapter 24.c(153,51): warning C4267: '=': 'size_t'에서 'int'(으)로 변환하면서 데이터가 손실될 수 있습니다.
C:\Users\zlzlf\OneDrive\바탕 화면\잡동\Github\Sungwoo-Yoon-s-passionate-C-programming\C Programming\C Programming\Chapter 24.c(141,14): warning C4996: 'fopen': This function or variable may be unsafe. Consider using fopen_s instead. To disable deprecation, use _CRT_SECURE_NO_WARNINGS. See online help for details.
C:\Users\zlzlf\OneDrive\바탕 화면\잡동\Github\Sungwoo-Yoon-s-passionate-C-programming\C Programming\C Programming\Chapter 24.c(142,14): warning C4996: 'fopen': This function or variable may be unsafe. Consider using fopen_s instead. To disable deprecation, use _CRT_SECURE_NO_WARNINGS. See online help for details.
C:\Users\zlzlf\OneDrive\바탕 화면\잡동\Github\Sungwoo-Yoon-s-passionate-C-programming\C Programming\C Programming\Chapter 24.c(178,13): warning C4996: 'fopen': This function or variable may be unsafe. Consider using fopen_s instead. To disable deprecation, use _CRT_SECURE_NO_WARNINGS. See online help for details.
C:\Users\zlzlf\OneDrive\바탕 화면\잡동\Github\Sungwoo-Yoon-s-passionate-C-programming\C Programming\C Programming\Chapter 24.c(194,13): warning C4996: 'fopen': This function or variable may be unsafe. Consider using fopen_s instead. To disable deprecation, use _CRT_SECURE_NO_WARNINGS. See online help for details.
C:\Users\zlzlf\OneDrive\바탕 화면\잡동\Github\Sungwoo-Yoon-s-passionate-C-programming\C Programming\C Programming\Chapter 24.c(210,13): warning C4996: 'fopen': This function or variable may be unsafe. Consider using fopen_s instead. To disable deprecation, use _CRT_SECURE_NO_WARNINGS. See online help for details.
C:\Users\zlzlf\OneDrive\바탕 화면\잡동\Github\Sungwoo-Yoon-s-passionate-C-programming\C Programming\C Programming\Chapter 24.c(224,13): warning C4996: 'fopen': This function or variable may be unsafe. Consider using fopen_s instead. To disable deprecation, use _CRT_SECURE_NO_WARNINGS. See online help for details.
C:\Users\zlzlf\OneDrive\바탕 화면\잡동\Github\Sungwoo-Yoon-s-passionate-C-programming\C Programming\C Programming\Chapter 24.c(230,3): warning C4996: 'scanf': This function or variable may be unsafe. Consider using scanf_s instead. To disable deprecation, use _CRT_SECURE_NO_WARNINGS. See online help for details.
C:\Users\zlzlf\OneDrive\바탕 화면\잡동\Github\Sungwoo-Yoon-s-passionate-C-programming\C Programming\C Programming\Chapter 24.c(244,13): warning C4996: 'fopen': This function or variable may be unsafe. Consider using fopen_s instead. To disable deprecation, use _CRT_SECURE_NO_WARNINGS. See online help for details.
C:\Users\zlzlf\OneDrive\바탕 화면\잡동\Github\Sungwoo-Yoon-s-passionate-C-programming\C Programming\C Programming\Chapter 24.c(249,9): warning C4996: 'fscanf': This function or variable may be unsafe. Consider using fscanf_s instead. To disable deprecation, use _CRT_SECURE_NO_WARNINGS. See online help for details.
C:\Users\zlzlf\OneDrive\바탕 화면\잡동\Github\Sungwoo-Yoon-s-passionate-C-programming\C Programming\C Programming\Chapter 24.c(272,7): warning C4996: 'fopen': This function or variable may be unsafe. Consider using fopen_s instead. To disable deprecation, use _CRT_SECURE_NO_WARNINGS. See online help for details.
C:\Users\zlzlf\OneDrive\바탕 화면\잡동\Github\Sungwoo-Yoon-s-passionate-C-programming\C Programming\C Programming\Chapter 24.c(274,2): warning C4996: 'scanf': This function or variable may be unsafe. Consider using scanf_s instead. To disable deprecation, use _CRT_SECURE_NO_WARNINGS. See online help for details.
C:\Users\zlzlf\OneDrive\바탕 화면\잡동\Github\Sungwoo-Yoon-s-passionate-C-programming\C Programming\C Programming\Chapter 24.c(279,7): warning C4996: 'fopen': This function or variable may be unsafe. Consider using fopen_s instead. To disable deprecation, use _CRT_SECURE_NO_WARNINGS. See online help for details.
C:\Users\zlzlf\OneDrive\바탕 화면\잡동\Github\Sungwoo-Yoon-s-passionate-C-programming\C Programming\C Programming\Chapter 24.c(290,23): warning C4020: 'puts': 실제 매개 변수가 너무 많습니다.
C:\Users\zlzlf\OneDrive\바탕 화면\잡동\Github\Sungwoo-Yoon-s-passionate-C-programming\C Programming\C Programming\Chapter 24.c(289,13): warning C4996: 'fopen': This function or variable may be unsafe. Consider using fopen_s instead. To disable deprecation, use _CRT_SECURE_NO_WARNINGS. See online help for details.
C:\Users\zlzlf\OneDrive\바탕 화면\잡동\Github\Sungwoo-Yoon-s-passionate-C-programming\C Programming\C Programming\Chapter 24.c(294,7): warning C4996: 'fopen': This function or variable may be unsafe. Consider using fopen_s instead. To disable deprecation, use _CRT_SECURE_NO_WARNINGS. See online help for details.
C:\Users\zlzlf\OneDrive\바탕 화면\잡동\Github\Sungwoo-Yoon-s-passionate-C-programming\C Programming\C Programming\Chapter 24.c(318,13): warning C4996: 'fopen': This function or variable may be unsafe. Consider using fopen_s instead. To disable deprecation, use _CRT_SECURE_NO_WARNINGS. See online help for details.
C:\Users\zlzlf\OneDrive\바탕 화면\잡동\Github\Sungwoo-Yoon-s-passionate-C-programming\C Programming\C Programming\Chapter 24.c(323,7): warning C4996: 'fopen': This function or variable may be unsafe. Consider using fopen_s instead. To disable deprecation, use _CRT_SECURE_NO_WARNINGS. See online help for details.
C:\Users\zlzlf\OneDrive\바탕 화면\잡동\Github\Sungwoo-Yoon-s-passionate-C-programming\C Programming\C Programming\Chapter 24.c(351,13): warning C4996: 'fopen': This function or variable may be unsafe. Consider using fopen_s instead. To disable deprecation, use _CRT_SECURE_NO_WARNINGS. See online help for details.
  C Programming.vcxproj -> C:\Users\zlzlf\OneDrive\바탕 화면\잡동\Github\Sungwoo-Yoon-s-passionate-C-programming\C Programming\x64\Debug\C Programming.exe
